SPAM
Total Words: 21160
Dictionary Size: 5161

HAM
Total Words: 18178
Dictionary Size: 1624

k = 0.01

001.ham.txt	Ham	0.0
002.spam.txt	Ham	0.0
003.ham.txt	Ham	0.0
004.spam.txt	Ham	0.0
005.ham.txt	Ham	0.0
006.spam.txt	Ham	0.0
007.ham.txt	Ham	0.0
008.spam.txt	Ham	0.0
009.ham.txt	Ham	0.0
010.spam.txt	Ham	0.0
011.ham.txt	Ham	1.3615387316689056e-185
013.ham.txt	Ham	2.534781091329756e-143
014.spam.txt	Spam	2.245727988376178e-205
015.ham.txt	Ham	1.9672093414323278e-136
016.spam.txt	Ham	0.0
017.ham.txt	Ham	0.0
018.spam.txt	Ham	0.0
019.ham.txt	Ham	0.0
020.spam.txt	Ham	0.0
021.ham.txt	Ham	0.0
022.spam.txt	Ham	0.0
023.ham.txt	Ham	0.0
024.spam.txt	Ham	0.0
025.ham.txt	Ham	2.46e-321
026.spam.txt	Ham	0.0
027.ham.txt	Ham	0.0
028.spam.txt	Ham	0.0
029.ham.txt	Ham	0.0
030.spam.txt	Ham	0.0
031.ham.txt	Ham	0.0
032.spam.txt	Ham	0.0
033.ham.txt	Ham	0.0
034.spam.txt	Ham	0.0
035.ham.txt	Ham	2.090133882537302e-290
036.spam.txt	Ham	0.0
037.ham.txt	Ham	0.0
038.spam.txt	Ham	0.0
039.ham.txt	Ham	0.0
040.spam.txt	Ham	0.0
041.ham.txt	Ham	0.0
042.spam.txt	Ham	0.0
043.ham.txt	Ham	0.0
044.spam.txt	Ham	0.0
045.ham.txt	Ham	0.0
046.spam.txt	Ham	0.0
047.ham.txt	Ham	0.0
048.spam.txt	Ham	0.0
049.ham.txt	Ham	0.0
050.spam.txt	Ham	0.0
051.ham.txt	Ham	0.0
052.spam.txt	Ham	0.0
053.ham.txt	Ham	2.513167265730655e-121
054.spam.txt	Ham	0.0
055.ham.txt	Ham	0.0
056.spam.txt	Ham	0.0
057.ham.txt	Ham	1.2803139852793721e-163
058.spam.txt	Ham	0.0
059.ham.txt	Ham	0.0
060.spam.txt	Ham	0.0
061.ham.txt	Ham	0.0
062.spam.txt	Ham	0.0
063.ham.txt	Ham	0.0
064.spam.txt	Ham	0.0
065.ham.txt	Ham	0.0
066.spam.txt	Ham	0.0
067.ham.txt	Ham	0.0
068.spam.txt	Ham	0.0
069.ham.txt	Ham	0.0
070.spam.txt	Ham	0.0
071.ham.txt	Ham	1.275548582597852e-283
072.spam.txt	Ham	0.0
073.ham.txt	Ham	0.0
074.spam.txt	Ham	0.0
075.ham.txt	Ham	0.0
076.spam.txt	Ham	0.0
077.ham.txt	Ham	0.0
078.spam.txt	Ham	0.0
079.ham.txt	Ham	1.9865324819057418e-221
080.spam.txt	Ham	0.0
081.ham.txt	Ham	0.0
082.spam.txt	Ham	0.0
083.ham.txt	Ham	1.0065349827178328e-144
084.spam.txt	Ham	0.0
085.ham.txt	Ham	0.0
086.spam.txt	Ham	0.0
087.ham.txt	Ham	4.459096715689332e-257
088.spam.txt	Ham	0.0
089.ham.txt	Ham	0.0
090.spam.txt	Ham	0.0
091.ham.txt	Ham	0.0
092.spam.txt	Ham	0.0
093.ham.txt	Ham	0.0
094.spam.txt	Ham	0.0
095.ham.txt	Ham	2.7814512210995965e-108
096.spam.txt	Ham	0.0
097.ham.txt	Ham	1.5052391389667696e-262
098.spam.txt	Ham	0.0
099.ham.txt	Ham	0.0
100.spam.txt	Ham	0.0
